# JRE version: OpenJDK Runtime Environment Microsoft-8035246 (17.0.8+7) (build 17.0.8+7-LTS)
# Java VM: OpenJDK 64-Bit Server VM Microsoft-8035246 (17.0.8+7-LTS, mixed mode, tiered, compressed oops, compressed class ptrs, g1 gc, bsd-aarch64)
GC Precious Log:
 CPUs: 8 total, 8 available
 Memory: 16384M
 Large Page Support: Disabled
 NUMA Support: Disabled
 Compressed Oops: Enabled (Zero based)
 Heap Region Size: 32M
 Heap Min Capacity: 32M
 Heap Initial Capacity: 256M
 Heap Max Capacity: 6G
 Pre-touch: Disabled
 Parallel Workers: 8
 Concurrent Workers: 2
 Concurrent Refinement Workers: 8
 Periodic GC: Disabled
Heap:
 garbage-first heap   total 1048576K, used 404060K [0x0000000680000000, 0x0000000800000000)
  region size 32768K, 10 young (327680K), 2 survivors (65536K)
 Metaspace       used 54598K, committed 55872K, reserved 1114112K
  class space    used 6274K, committed 6848K, reserved 1048576K
GC Heap History (20 events):
Event: 3.335 GC heap before
{Heap before GC invocations=20 (full 0):
 garbage-first heap   total 458752K, used 259601K [0x0000000680000000, 0x0000000800000000)
  region size 32768K, 5 young (163840K), 1 survivors (32768K)
 Metaspace       used 40074K, committed 41024K, reserved 1114112K
  class space    used 4528K, committed 4928K, reserved 1048576K
}
Event: 3.337 GC heap after
{Heap after GC invocations=21 (full 0):
 garbage-first heap   total 688128K, used 130429K [0x0000000680000000, 0x0000000800000000)
  region size 32768K, 1 young (32768K), 1 survivors (32768K)
 Metaspace       used 40074K, committed 41024K, reserved 1114112K
  class space    used 4528K, committed 4928K, reserved 1048576K
}
Event: 3.451 GC heap before
{Heap before GC invocations=21 (full 0):
 garbage-first heap   total 688128K, used 425341K [0x0000000680000000, 0x0000000800000000)
  region size 32768K, 10 young (327680K), 1 survivors (32768K)
 Metaspace       used 40077K, committed 41024K, reserved 1114112K
  class space    used 4528K, committed 4928K, reserved 1048576K
}
Event: 3.454 GC heap after
{Heap after GC invocations=22 (full 0):
 garbage-first heap   total 688128K, used 131313K [0x0000000680000000, 0x0000000800000000)
  region size 32768K, 1 young (32768K), 1 survivors (32768K)
 Metaspace       used 40077K, committed 41024K, reserved 1114112K
  class space    used 4528K, committed 4928K, reserved 1048576K
}
Event: 3.675 GC heap before
{Heap before GC invocations=22 (full 0):
 garbage-first heap   total 688128K, used 458993K [0x0000000680000000, 0x0000000800000000)
  region size 32768K, 11 young (360448K), 1 survivors (32768K)
 Metaspace       used 40376K, committed 41344K, reserved 1114112K
  class space    used 4559K, committed 4992K, reserved 1048576K
}
Event: 3.680 GC heap after
{Heap after GC invocations=23 (full 0):
 garbage-first heap   total 688128K, used 136902K [0x0000000680000000, 0x0000000800000000)
  region size 32768K, 1 young (32768K), 1 survivors (32768K)
 Metaspace       used 40376K, committed 41344K, reserved 1114112K
  class space    used 4559K, committed 4992K, reserved 1048576K
}
Event: 3.921 GC heap before
{Heap before GC invocations=23 (full 0):
 garbage-first heap   total 688128K, used 464582K [0x0000000680000000, 0x0000000800000000)
  region size 32768K, 11 young (360448K), 1 survivors (32768K)
 Metaspace       used 43487K, committed 44416K, reserved 1114112K
  class space    used 4956K, committed 5376K, reserved 1048576K
}
Event: 3.926 GC heap after
{Heap after GC invocations=24 (full 0):
 garbage-first heap   total 688128K, used 141286K [0x0000000680000000, 0x0000000800000000)
  region size 32768K, 1 young (32768K), 1 survivors (32768K)
 Metaspace       used 43487K, committed 44416K, reserved 1114112K
  class space    used 4956K, committed 5376K, reserved 1048576K
}
Event: 4.150 GC heap before
{Heap before GC invocations=24 (full 0):
 garbage-first heap   total 688128K, used 468966K [0x0000000680000000, 0x0000000800000000)
  region size 32768K, 11 young (360448K), 1 survivors (32768K)
 Metaspace       used 46126K, committed 47104K, reserved 1114112K
  class space    used 5272K, committed 5696K, reserved 1048576K
}
Event: 4.157 GC heap after
{Heap after GC invocations=25 (full 0):
 garbage-first heap   total 851968K, used 151886K [0x0000000680000000, 0x0000000800000000)
  region size 32768K, 1 young (32768K), 1 survivors (32768K)
 Metaspace       used 46126K, committed 47104K, reserved 1114112K
  class space    used 5272K, committed 5696K, reserved 1048576K
}
Event: 4.438 GC heap before
{Heap before GC invocations=25 (full 0):
 garbage-first heap   total 851968K, used 577870K [0x0000000680000000, 0x0000000800000000)
  region size 32768K, 14 young (458752K), 1 survivors (32768K)
 Metaspace       used 46456K, committed 47424K, reserved 1114112K
  class space    used 5328K, committed 5760K, reserved 1048576K
}
Event: 4.445 GC heap after
{Heap after GC invocations=26 (full 0):
 garbage-first heap   total 851968K, used 158281K [0x0000000680000000, 0x0000000800000000)
  region size 32768K, 2 young (65536K), 2 survivors (65536K)
 Metaspace       used 46456K, committed 47424K, reserved 1114112K
  class space    used 5328K, committed 5760K, reserved 1048576K
}
Event: 4.677 GC heap before
{Heap before GC invocations=26 (full 0):
 garbage-first heap   total 851968K, used 551497K [0x0000000680000000, 0x0000000800000000)
  region size 32768K, 14 young (458752K), 2 survivors (65536K)
 Metaspace       used 47075K, committed 48128K, reserved 1114112K
  class space    used 5393K, committed 5824K, reserved 1048576K
}
Event: 4.686 GC heap after
{Heap after GC invocations=27 (full 0):
 garbage-first heap   total 851968K, used 168685K [0x0000000680000000, 0x0000000800000000)
  region size 32768K, 2 young (65536K), 2 survivors (65536K)
 Metaspace       used 47075K, committed 48128K, reserved 1114112K
  class space    used 5393K, committed 5824K, reserved 1048576K
}
Event: 4.967 GC heap before
{Heap before GC invocations=27 (full 0):
 garbage-first heap   total 851968K, used 561901K [0x0000000680000000, 0x0000000800000000)
  region size 32768K, 14 young (458752K), 2 survivors (65536K)
 Metaspace       used 48019K, committed 49088K, reserved 1114112K
  class space    used 5489K, committed 5952K, reserved 1048576K
}
Event: 4.979 GC heap after
{Heap after GC invocations=28 (full 0):
 garbage-first heap   total 851968K, used 179238K [0x0000000680000000, 0x0000000800000000)
  region size 32768K, 2 young (65536K), 2 survivors (65536K)
 Metaspace       used 48019K, committed 49088K, reserved 1114112K
  class space    used 5489K, committed 5952K, reserved 1048576K
}
Event: 5.171 GC heap before
{Heap before GC invocations=28 (full 0):
 garbage-first heap   total 851968K, used 539686K [0x0000000680000000, 0x0000000800000000)
  region size 32768K, 13 young (425984K), 2 survivors (65536K)
 Metaspace       used 48048K, committed 49152K, reserved 1114112K
  class space    used 5489K, committed 5952K, reserved 1048576K
}
Event: 5.182 GC heap after
{Heap after GC invocations=29 (full 0):
 garbage-first heap   total 1048576K, used 194846K [0x0000000680000000, 0x0000000800000000)
  region size 32768K, 2 young (65536K), 2 survivors (65536K)
 Metaspace       used 48048K, committed 49152K, reserved 1114112K
  class space    used 5489K, committed 5952K, reserved 1048576K
}
Event: 5.539 GC heap before
{Heap before GC invocations=29 (full 0):
 garbage-first heap   total 1048576K, used 719134K [0x0000000680000000, 0x0000000800000000)
  region size 32768K, 18 young (589824K), 2 survivors (65536K)
 Metaspace       used 49027K, committed 50112K, reserved 1114112K
  class space    used 5601K, committed 6080K, reserved 1048576K
}
Event: 5.557 GC heap after
{Heap after GC invocations=30 (full 0):
 garbage-first heap   total 1048576K, used 207452K [0x0000000680000000, 0x0000000800000000)
  region size 32768K, 2 young (65536K), 2 survivors (65536K)
 Metaspace       used 49027K, committed 50112K, reserved 1114112K
  class space    used 5601K, committed 6080K, reserved 1048576K
}

