# JRE version: OpenJDK Runtime Environment Microsoft-8035246 (17.0.8+7) (build 17.0.8+7-LTS)
# Java VM: OpenJDK 64-Bit Server VM Microsoft-8035246 (17.0.8+7-LTS, mixed mode, tiered, compressed oops, compressed class ptrs, g1 gc, bsd-aarch64)
GC Precious Log:
 CPUs: 8 total, 8 available
 Memory: 16384M
 Large Page Support: Disabled
 NUMA Support: Disabled
 Compressed Oops: Enabled (Zero based)
 Heap Region Size: 32M
 Heap Min Capacity: 32M
 Heap Initial Capacity: 256M
 Heap Max Capacity: 6G
 Pre-touch: Disabled
 Parallel Workers: 8
 Concurrent Workers: 2
 Concurrent Refinement Workers: 8
 Periodic GC: Disabled
Heap:
 garbage-first heap   total 524288K, used 131675K [0x0000000680000000, 0x0000000800000000)
  region size 32768K, 3 young (98304K), 1 survivors (32768K)
 Metaspace       used 47848K, committed 48832K, reserved 1114112K
  class space    used 5495K, committed 5952K, reserved 1048576K
GC Heap History (20 events):
Event: 1.237 GC heap before
{Heap before GC invocations=9 (full 0):
 garbage-first heap   total 425984K, used 125350K [0x0000000680000000, 0x0000000800000000)
  region size 32768K, 5 young (163840K), 1 survivors (32768K)
 Metaspace       used 21275K, committed 21504K, reserved 1114112K
  class space    used 2222K, committed 2368K, reserved 1048576K
}
Event: 1.242 GC heap after
{Heap after GC invocations=10 (full 0):
 garbage-first heap   total 688128K, used 31366K [0x0000000680000000, 0x0000000800000000)
  region size 32768K, 1 young (32768K), 1 survivors (32768K)
 Metaspace       used 21275K, committed 21504K, reserved 1114112K
  class space    used 2222K, committed 2368K, reserved 1048576K
}
Event: 2.033 GC heap before
{Heap before GC invocations=11 (full 0):
 garbage-first heap   total 327680K, used 162438K [0x0000000680000000, 0x0000000800000000)
  region size 32768K, 6 young (196608K), 1 survivors (32768K)
 Metaspace       used 33701K, committed 34368K, reserved 1114112K
  class space    used 3779K, committed 4096K, reserved 1048576K
}
Event: 2.044 GC heap after
{Heap after GC invocations=12 (full 0):
 garbage-first heap   total 327680K, used 52207K [0x0000000680000000, 0x0000000800000000)
  region size 32768K, 1 young (32768K), 1 survivors (32768K)
 Metaspace       used 33701K, committed 34368K, reserved 1114112K
  class space    used 3779K, committed 4096K, reserved 1048576K
}
Event: 2.173 GC heap before
{Heap before GC invocations=12 (full 0):
 garbage-first heap   total 327680K, used 52207K [0x0000000680000000, 0x0000000800000000)
  region size 32768K, 2 young (65536K), 1 survivors (32768K)
 Metaspace       used 35715K, committed 36416K, reserved 1114112K
  class space    used 4067K, committed 4416K, reserved 1048576K
}
Event: 2.188 GC heap after
{Heap after GC invocations=13 (full 0):
 garbage-first heap   total 327680K, used 58846K [0x0000000680000000, 0x0000000800000000)
  region size 32768K, 1 young (32768K), 1 survivors (32768K)
 Metaspace       used 35715K, committed 36416K, reserved 1114112K
  class space    used 4067K, committed 4416K, reserved 1048576K
}
Event: 2.193 GC heap before
{Heap before GC invocations=13 (full 0):
 garbage-first heap   total 327680K, used 58846K [0x0000000680000000, 0x0000000800000000)
  region size 32768K, 2 young (65536K), 1 survivors (32768K)
 Metaspace       used 36024K, committed 36800K, reserved 1114112K
  class space    used 4103K, committed 4416K, reserved 1048576K
}
Event: 2.195 GC heap after
{Heap after GC invocations=14 (full 0):
 garbage-first heap   total 327680K, used 55405K [0x0000000680000000, 0x0000000800000000)
  region size 32768K, 1 young (32768K), 1 survivors (32768K)
 Metaspace       used 36024K, committed 36800K, reserved 1114112K
  class space    used 4103K, committed 4416K, reserved 1048576K
}
Event: 2.400 GC heap before
{Heap before GC invocations=15 (full 0):
 garbage-first heap   total 327680K, used 153709K [0x0000000680000000, 0x0000000800000000)
  region size 32768K, 4 young (131072K), 1 survivors (32768K)
 Metaspace       used 38973K, committed 39872K, reserved 1114112K
  class space    used 4480K, committed 4864K, reserved 1048576K
}
Event: 2.403 GC heap after
{Heap after GC invocations=16 (full 0):
 garbage-first heap   total 327680K, used 56929K [0x0000000680000000, 0x0000000800000000)
  region size 32768K, 1 young (32768K), 1 survivors (32768K)
 Metaspace       used 38973K, committed 39872K, reserved 1114112K
  class space    used 4480K, committed 4864K, reserved 1048576K
}
Event: 2.493 GC heap before
{Heap before GC invocations=17 (full 0):
 garbage-first heap   total 327680K, used 188001K [0x0000000680000000, 0x0000000800000000)
  region size 32768K, 5 young (163840K), 1 survivors (32768K)
 Metaspace       used 38995K, committed 39936K, reserved 1114112K
  class space    used 4482K, committed 4928K, reserved 1048576K
}
Event: 2.495 GC heap after
{Heap after GC invocations=18 (full 0):
 garbage-first heap   total 327680K, used 57296K [0x0000000680000000, 0x0000000800000000)
  region size 32768K, 1 young (32768K), 1 survivors (32768K)
 Metaspace       used 38995K, committed 39936K, reserved 1114112K
  class space    used 4482K, committed 4928K, reserved 1048576K
}
Event: 2.616 GC heap before
{Heap before GC invocations=18 (full 0):
 garbage-first heap   total 327680K, used 188368K [0x0000000680000000, 0x0000000800000000)
  region size 32768K, 5 young (163840K), 1 survivors (32768K)
 Metaspace       used 40356K, committed 41280K, reserved 1114112K
  class space    used 4634K, committed 5056K, reserved 1048576K
}
Event: 2.620 GC heap after
{Heap after GC invocations=19 (full 0):
 garbage-first heap   total 327680K, used 59537K [0x0000000680000000, 0x0000000800000000)
  region size 32768K, 1 young (32768K), 1 survivors (32768K)
 Metaspace       used 40356K, committed 41280K, reserved 1114112K
  class space    used 4634K, committed 5056K, reserved 1048576K
}
Event: 2.736 GC heap before
{Heap before GC invocations=19 (full 0):
 garbage-first heap   total 327680K, used 190609K [0x0000000680000000, 0x0000000800000000)
  region size 32768K, 5 young (163840K), 1 survivors (32768K)
 Metaspace       used 43699K, committed 44672K, reserved 1114112K
  class space    used 5026K, committed 5440K, reserved 1048576K
}
Event: 2.739 GC heap after
{Heap after GC invocations=20 (full 0):
 garbage-first heap   total 524288K, used 61308K [0x0000000680000000, 0x0000000800000000)
  region size 32768K, 1 young (32768K), 1 survivors (32768K)
 Metaspace       used 43699K, committed 44672K, reserved 1114112K
  class space    used 5026K, committed 5440K, reserved 1048576K
}
Event: 2.985 GC heap before
{Heap before GC invocations=20 (full 0):
 garbage-first heap   total 524288K, used 323452K [0x0000000680000000, 0x0000000800000000)
  region size 32768K, 9 young (294912K), 1 survivors (32768K)
 Metaspace       used 45111K, committed 46080K, reserved 1114112K
  class space    used 5219K, committed 5632K, reserved 1048576K
}
Event: 2.989 GC heap after
{Heap after GC invocations=21 (full 0):
 garbage-first heap   total 524288K, used 74032K [0x0000000680000000, 0x0000000800000000)
  region size 32768K, 1 young (32768K), 1 survivors (32768K)
 Metaspace       used 45111K, committed 46080K, reserved 1114112K
  class space    used 5219K, committed 5632K, reserved 1048576K
}
Event: 3.425 GC heap before
{Heap before GC invocations=21 (full 0):
 garbage-first heap   total 524288K, used 303408K [0x0000000680000000, 0x0000000800000000)
  region size 32768K, 8 young (262144K), 1 survivors (32768K)
 Metaspace       used 45478K, committed 46464K, reserved 1114112K
  class space    used 5281K, committed 5696K, reserved 1048576K
}
Event: 3.433 GC heap after
{Heap after GC invocations=22 (full 0):
 garbage-first heap   total 524288K, used 98907K [0x0000000680000000, 0x0000000800000000)
  region size 32768K, 1 young (32768K), 1 survivors (32768K)
 Metaspace       used 45478K, committed 46464K, reserved 1114112K
  class space    used 5281K, committed 5696K, reserved 1048576K
}

