# JRE version: OpenJDK Runtime Environment Microsoft-11369864 (17.0.15+6) (build 17.0.15+6-LTS)
# Java VM: OpenJDK 64-Bit Server VM Microsoft-11369864 (17.0.15+6-LTS, mixed mode, tiered, compressed oops, compressed class ptrs, g1 gc, bsd-aarch64)
GC Precious Log:
 CPUs: 8 total, 8 available
 Memory: 16384M
 Large Page Support: Disabled
 NUMA Support: Disabled
 Compressed Oops: Enabled (Zero based)
 Heap Region Size: 32M
 Heap Min Capacity: 32M
 Heap Initial Capacity: 256M
 Heap Max Capacity: 6G
 Pre-touch: Disabled
 Parallel Workers: 8
 Concurrent Workers: 2
 Concurrent Refinement Workers: 8
 Periodic GC: Disabled
Heap:
 garbage-first heap   total 884736K, used 349120K [0x0000000680000000, 0x0000000800000000)
  region size 32768K, 10 young (327680K), 2 survivors (65536K)
 Metaspace       used 49842K, committed 51072K, reserved 1114112K
  class space    used 5704K, committed 6272K, reserved 1048576K
GC Heap History (20 events):
Event: 0.993 GC heap before
{Heap before GC invocations=8 (full 0):
 garbage-first heap   total 491520K, used 93889K [0x0000000680000000, 0x0000000800000000)
  region size 32768K, 4 young (131072K), 1 survivors (32768K)
 Metaspace       used 21215K, committed 21504K, reserved 1114112K
  class space    used 2210K, committed 2368K, reserved 1048576K
}
Event: 0.997 GC heap after
{Heap after GC invocations=9 (full 0):
 garbage-first heap   total 491520K, used 30942K [0x0000000680000000, 0x0000000800000000)
  region size 32768K, 1 young (32768K), 1 survivors (32768K)
 Metaspace       used 21215K, committed 21504K, reserved 1114112K
  class space    used 2210K, committed 2368K, reserved 1048576K
}
Event: 1.584 GC heap before
{Heap before GC invocations=10 (full 0):
 garbage-first heap   total 327680K, used 194782K [0x0000000680000000, 0x0000000800000000)
  region size 32768K, 6 young (196608K), 1 survivors (32768K)
 Metaspace       used 29300K, committed 29632K, reserved 1114112K
  class space    used 3157K, committed 3328K, reserved 1048576K
}
Event: 1.591 GC heap after
{Heap after GC invocations=11 (full 0):
 garbage-first heap   total 458752K, used 46336K [0x0000000680000000, 0x0000000800000000)
  region size 32768K, 1 young (32768K), 1 survivors (32768K)
 Metaspace       used 29300K, committed 29632K, reserved 1114112K
  class space    used 3157K, committed 3328K, reserved 1048576K
}
Event: 1.634 GC heap before
{Heap before GC invocations=11 (full 0):
 garbage-first heap   total 458752K, used 46336K [0x0000000680000000, 0x0000000800000000)
  region size 32768K, 2 young (65536K), 1 survivors (32768K)
 Metaspace       used 29604K, committed 29952K, reserved 1114112K
  class space    used 3212K, committed 3392K, reserved 1048576K
}
Event: 1.642 GC heap after
{Heap after GC invocations=12 (full 0):
 garbage-first heap   total 458752K, used 51242K [0x0000000680000000, 0x0000000800000000)
  region size 32768K, 1 young (32768K), 1 survivors (32768K)
 Metaspace       used 29604K, committed 29952K, reserved 1114112K
  class space    used 3212K, committed 3392K, reserved 1048576K
}
Event: 2.039 GC heap before
{Heap before GC invocations=12 (full 0):
 garbage-first heap   total 458752K, used 182314K [0x0000000680000000, 0x0000000800000000)
  region size 32768K, 7 young (229376K), 1 survivors (32768K)
 Metaspace       used 35440K, committed 36160K, reserved 1114112K
  class space    used 3997K, committed 4352K, reserved 1048576K
}
Event: 2.045 GC heap after
{Heap after GC invocations=13 (full 0):
 garbage-first heap   total 458752K, used 84261K [0x0000000680000000, 0x0000000800000000)
  region size 32768K, 1 young (32768K), 1 survivors (32768K)
 Metaspace       used 35440K, committed 36160K, reserved 1114112K
  class space    used 3997K, committed 4352K, reserved 1048576K
}
Event: 2.240 GC heap before
{Heap before GC invocations=14 (full 0):
 garbage-first heap   total 458752K, used 215333K [0x0000000680000000, 0x0000000800000000)
  region size 32768K, 5 young (163840K), 1 survivors (32768K)
 Metaspace       used 39339K, committed 40256K, reserved 1114112K
  class space    used 4456K, committed 4864K, reserved 1048576K
}
Event: 2.246 GC heap after
{Heap after GC invocations=15 (full 0):
 garbage-first heap   total 458752K, used 91348K [0x0000000680000000, 0x0000000800000000)
  region size 32768K, 1 young (32768K), 1 survivors (32768K)
 Metaspace       used 39339K, committed 40256K, reserved 1114112K
  class space    used 4456K, committed 4864K, reserved 1048576K
}
Event: 2.275 GC heap before
{Heap before GC invocations=15 (full 0):
 garbage-first heap   total 458752K, used 124116K [0x0000000680000000, 0x0000000800000000)
  region size 32768K, 2 young (65536K), 1 survivors (32768K)
 Metaspace       used 39598K, committed 40640K, reserved 1114112K
  class space    used 4496K, committed 4928K, reserved 1048576K
}
Event: 2.280 GC heap after
{Heap after GC invocations=16 (full 0):
 garbage-first heap   total 458752K, used 90651K [0x0000000680000000, 0x0000000800000000)
  region size 32768K, 1 young (32768K), 1 survivors (32768K)
 Metaspace       used 39598K, committed 40640K, reserved 1114112K
  class space    used 4496K, committed 4928K, reserved 1048576K
}
Event: 2.362 GC heap before
{Heap before GC invocations=16 (full 0):
 garbage-first heap   total 458752K, used 221723K [0x0000000680000000, 0x0000000800000000)
  region size 32768K, 5 young (163840K), 1 survivors (32768K)
 Metaspace       used 39924K, committed 40960K, reserved 1114112K
  class space    used 4550K, committed 4992K, reserved 1048576K
}
Event: 2.364 GC heap after
{Heap after GC invocations=17 (full 0):
 garbage-first heap   total 884736K, used 91343K [0x0000000680000000, 0x0000000800000000)
  region size 32768K, 1 young (32768K), 1 survivors (32768K)
 Metaspace       used 39924K, committed 40960K, reserved 1114112K
  class space    used 4550K, committed 4992K, reserved 1048576K
}
Event: 2.538 GC heap before
{Heap before GC invocations=17 (full 0):
 garbage-first heap   total 884736K, used 451791K [0x0000000680000000, 0x0000000800000000)
  region size 32768K, 12 young (393216K), 1 survivors (32768K)
 Metaspace       used 40145K, committed 41152K, reserved 1114112K
  class space    used 4576K, committed 4992K, reserved 1048576K
}
Event: 2.541 GC heap after
{Heap after GC invocations=18 (full 0):
 garbage-first heap   total 884736K, used 94995K [0x0000000680000000, 0x0000000800000000)
  region size 32768K, 1 young (32768K), 1 survivors (32768K)
 Metaspace       used 40145K, committed 41152K, reserved 1114112K
  class space    used 4576K, committed 4992K, reserved 1048576K
}
Event: 2.893 GC heap before
{Heap before GC invocations=18 (full 0):
 garbage-first heap   total 884736K, used 586515K [0x0000000680000000, 0x0000000800000000)
  region size 32768K, 16 young (524288K), 1 survivors (32768K)
 Metaspace       used 43587K, committed 44736K, reserved 1114112K
  class space    used 4972K, committed 5440K, reserved 1048576K
}
Event: 2.897 GC heap after
{Heap after GC invocations=19 (full 0):
 garbage-first heap   total 884736K, used 103655K [0x0000000680000000, 0x0000000800000000)
  region size 32768K, 1 young (32768K), 1 survivors (32768K)
 Metaspace       used 43587K, committed 44736K, reserved 1114112K
  class space    used 4972K, committed 5440K, reserved 1048576K
}
Event: 3.183 GC heap before
{Heap before GC invocations=19 (full 0):
 garbage-first heap   total 884736K, used 595175K [0x0000000680000000, 0x0000000800000000)
  region size 32768K, 16 young (524288K), 1 survivors (32768K)
 Metaspace       used 44001K, committed 45120K, reserved 1114112K
  class space    used 4993K, committed 5504K, reserved 1048576K
}
Event: 3.190 GC heap after
{Heap after GC invocations=20 (full 0):
 garbage-first heap   total 884736K, used 119744K [0x0000000680000000, 0x0000000800000000)
  region size 32768K, 2 young (65536K), 2 survivors (65536K)
 Metaspace       used 44001K, committed 45120K, reserved 1114112K
  class space    used 4993K, committed 5504K, reserved 1048576K
}

