# JRE version: OpenJDK Runtime Environment Microsoft-8035246 (17.0.8+7) (build 17.0.8+7-LTS)
# Java VM: OpenJDK 64-Bit Server VM Microsoft-8035246 (17.0.8+7-LTS, mixed mode, tiered, compressed oops, compressed class ptrs, g1 gc, bsd-aarch64)
GC Precious Log:
 CPUs: 8 total, 8 available
 Memory: 16384M
 Large Page Support: Disabled
 NUMA Support: Disabled
 Compressed Oops: Enabled (Zero based)
 Heap Region Size: 32M
 Heap Min Capacity: 32M
 Heap Initial Capacity: 256M
 Heap Max Capacity: 6G
 Pre-touch: Disabled
 Parallel Workers: 8
 Concurrent Workers: 2
 Concurrent Refinement Workers: 8
 Periodic GC: Disabled
Heap:
 garbage-first heap   total 1343488K, used 529132K [0x0000000680000000, 0x0000000800000000)
  region size 32768K, 10 young (327680K), 2 survivors (65536K)
 Metaspace       used 55698K, committed 57024K, reserved 1114112K
  class space    used 6386K, committed 6976K, reserved 1048576K
GC Heap History (20 events):
Event: 3.521 GC heap before
{Heap before GC invocations=23 (full 0):
 garbage-first heap   total 851968K, used 539741K [0x0000000680000000, 0x0000000800000000)
  region size 32768K, 12 young (393216K), 1 survivors (32768K)
 Metaspace       used 40325K, committed 41216K, reserved 1114112K
  class space    used 4536K, committed 4928K, reserved 1048576K
}
Event: 3.526 GC heap after
{Heap after GC invocations=24 (full 0):
 garbage-first heap   total 851968K, used 188791K [0x0000000680000000, 0x0000000800000000)
  region size 32768K, 1 young (32768K), 1 survivors (32768K)
 Metaspace       used 40325K, committed 41216K, reserved 1114112K
  class space    used 4536K, committed 4928K, reserved 1048576K
}
Event: 3.738 GC heap before
{Heap before GC invocations=24 (full 0):
 garbage-first heap   total 851968K, used 549239K [0x0000000680000000, 0x0000000800000000)
  region size 32768K, 12 young (393216K), 1 survivors (32768K)
 Metaspace       used 40632K, committed 41600K, reserved 1114112K
  class space    used 4566K, committed 4992K, reserved 1048576K
}
Event: 3.745 GC heap after
{Heap after GC invocations=25 (full 0):
 garbage-first heap   total 851968K, used 200427K [0x0000000680000000, 0x0000000800000000)
  region size 32768K, 1 young (32768K), 1 survivors (32768K)
 Metaspace       used 40632K, committed 41600K, reserved 1114112K
  class space    used 4566K, committed 4992K, reserved 1048576K
}
Event: 3.967 GC heap before
{Heap before GC invocations=25 (full 0):
 garbage-first heap   total 851968K, used 560875K [0x0000000680000000, 0x0000000800000000)
  region size 32768K, 12 young (393216K), 1 survivors (32768K)
 Metaspace       used 43249K, committed 44288K, reserved 1114112K
  class space    used 4898K, committed 5376K, reserved 1048576K
}
Event: 3.974 GC heap after
{Heap after GC invocations=26 (full 0):
 garbage-first heap   total 851968K, used 204367K [0x0000000680000000, 0x0000000800000000)
  region size 32768K, 2 young (65536K), 2 survivors (65536K)
 Metaspace       used 43249K, committed 44288K, reserved 1114112K
  class space    used 4898K, committed 5376K, reserved 1048576K
}
Event: 4.246 GC heap before
{Heap before GC invocations=26 (full 0):
 garbage-first heap   total 851968K, used 532047K [0x0000000680000000, 0x0000000800000000)
  region size 32768K, 12 young (393216K), 2 survivors (65536K)
 Metaspace       used 46221K, committed 47168K, reserved 1114112K
  class space    used 5266K, committed 5696K, reserved 1048576K
}
Event: 4.255 GC heap after
{Heap after GC invocations=27 (full 0):
 garbage-first heap   total 1048576K, used 213442K [0x0000000680000000, 0x0000000800000000)
  region size 32768K, 2 young (65536K), 2 survivors (65536K)
 Metaspace       used 46221K, committed 47168K, reserved 1114112K
  class space    used 5266K, committed 5696K, reserved 1048576K
}
Event: 4.620 GC heap before
{Heap before GC invocations=27 (full 0):
 garbage-first heap   total 1048576K, used 704962K [0x0000000680000000, 0x0000000800000000)
  region size 32768K, 17 young (557056K), 2 survivors (65536K)
 Metaspace       used 47110K, committed 48128K, reserved 1114112K
  class space    used 5390K, committed 5824K, reserved 1048576K
}
Event: 4.630 GC heap after
{Heap after GC invocations=28 (full 0):
 garbage-first heap   total 1048576K, used 223539K [0x0000000680000000, 0x0000000800000000)
  region size 32768K, 2 young (65536K), 2 survivors (65536K)
 Metaspace       used 47110K, committed 48128K, reserved 1114112K
  class space    used 5390K, committed 5824K, reserved 1048576K
}
Event: 4.897 GC heap before
{Heap before GC invocations=28 (full 0):
 garbage-first heap   total 1048576K, used 715059K [0x0000000680000000, 0x0000000800000000)
  region size 32768K, 17 young (557056K), 2 survivors (65536K)
 Metaspace       used 48197K, committed 49344K, reserved 1114112K
  class space    used 5512K, committed 6016K, reserved 1048576K
}
Event: 4.909 GC heap after
{Heap after GC invocations=29 (full 0):
 garbage-first heap   total 1048576K, used 235352K [0x0000000680000000, 0x0000000800000000)
  region size 32768K, 2 young (65536K), 2 survivors (65536K)
 Metaspace       used 48197K, committed 49344K, reserved 1114112K
  class space    used 5512K, committed 6016K, reserved 1048576K
}
Event: 5.200 GC heap before
{Heap before GC invocations=29 (full 0):
 garbage-first heap   total 1048576K, used 726872K [0x0000000680000000, 0x0000000800000000)
  region size 32768K, 17 young (557056K), 2 survivors (65536K)
 Metaspace       used 48370K, committed 49472K, reserved 1114112K
  class space    used 5515K, committed 6016K, reserved 1048576K
}
Event: 5.213 GC heap after
{Heap after GC invocations=30 (full 0):
 garbage-first heap   total 1048576K, used 256389K [0x0000000680000000, 0x0000000800000000)
  region size 32768K, 3 young (98304K), 3 survivors (98304K)
 Metaspace       used 48370K, committed 49472K, reserved 1114112K
  class space    used 5515K, committed 6016K, reserved 1048576K
}
Event: 5.443 GC heap before
{Heap before GC invocations=30 (full 0):
 garbage-first heap   total 1048576K, used 682373K [0x0000000680000000, 0x0000000800000000)
  region size 32768K, 16 young (524288K), 3 survivors (98304K)
 Metaspace       used 48833K, committed 50048K, reserved 1114112K
  class space    used 5575K, committed 6080K, reserved 1048576K
}
Event: 5.459 GC heap after
{Heap after GC invocations=31 (full 0):
 garbage-first heap   total 1048576K, used 276565K [0x0000000680000000, 0x0000000800000000)
  region size 32768K, 2 young (65536K), 2 survivors (65536K)
 Metaspace       used 48833K, committed 50048K, reserved 1114112K
  class space    used 5575K, committed 6080K, reserved 1048576K
}
Event: 5.656 GC heap before
{Heap before GC invocations=31 (full 0):
 garbage-first heap   total 1048576K, used 735317K [0x0000000680000000, 0x0000000800000000)
  region size 32768K, 16 young (524288K), 2 survivors (65536K)
 Metaspace       used 49462K, committed 50624K, reserved 1114112K
  class space    used 5625K, committed 6144K, reserved 1048576K
}
Event: 5.670 GC heap after
{Heap after GC invocations=32 (full 0):
 garbage-first heap   total 1343488K, used 283637K [0x0000000680000000, 0x0000000800000000)
  region size 32768K, 1 young (32768K), 1 survivors (32768K)
 Metaspace       used 49462K, committed 50624K, reserved 1114112K
  class space    used 5625K, committed 6144K, reserved 1048576K
}
Event: 6.022 GC heap before
{Heap before GC invocations=32 (full 0):
 garbage-first heap   total 1343488K, used 938997K [0x0000000680000000, 0x0000000800000000)
  region size 32768K, 22 young (720896K), 1 survivors (32768K)
 Metaspace       used 53943K, committed 55296K, reserved 1114112K
  class space    used 6169K, committed 6784K, reserved 1048576K
}
Event: 6.033 GC heap after
{Heap after GC invocations=33 (full 0):
 garbage-first heap   total 1343488K, used 299756K [0x0000000680000000, 0x0000000800000000)
  region size 32768K, 2 young (65536K), 2 survivors (65536K)
 Metaspace       used 53943K, committed 55296K, reserved 1114112K
  class space    used 6169K, committed 6784K, reserved 1048576K
}

