# JRE version: OpenJDK Runtime Environment Microsoft-11369864 (17.0.15+6) (build 17.0.15+6-LTS)
# Java VM: OpenJDK 64-Bit Server VM Microsoft-11369864 (17.0.15+6-LTS, mixed mode, tiered, compressed oops, compressed class ptrs, g1 gc, bsd-aarch64)
GC Precious Log:
 CPUs: 8 total, 8 available
 Memory: 16384M
 Large Page Support: Disabled
 NUMA Support: Disabled
 Compressed Oops: Enabled (Zero based)
 Heap Region Size: 32M
 Heap Min Capacity: 32M
 Heap Initial Capacity: 256M
 Heap Max Capacity: 6G
 Pre-touch: Disabled
 Parallel Workers: 8
 Concurrent Workers: 2
 Concurrent Refinement Workers: 8
 Periodic GC: Disabled
Heap:
 garbage-first heap   total 1605632K, used 780212K [0x0000000680000000, 0x0000000800000000)
  region size 32768K, 15 young (491520K), 2 survivors (65536K)
 Metaspace       used 58493K, committed 59840K, reserved 1114112K
  class space    used 6717K, committed 7296K, reserved 1048576K
GC Heap History (20 events):
Event: 4.424 GC heap before
{Heap before GC invocations=31 (full 0):
 garbage-first heap   total 786432K, used 520491K [0x0000000680000000, 0x0000000800000000)
  region size 32768K, 10 young (327680K), 2 survivors (65536K)
 Metaspace       used 44680K, committed 45696K, reserved 1114112K
  class space    used 5063K, committed 5504K, reserved 1048576K
}
Event: 4.434 GC heap after
{Heap after GC invocations=32 (full 0):
 garbage-first heap   total 1048576K, used 265044K [0x0000000680000000, 0x0000000800000000)
  region size 32768K, 2 young (65536K), 2 survivors (65536K)
 Metaspace       used 44680K, committed 45696K, reserved 1114112K
  class space    used 5063K, committed 5504K, reserved 1048576K
}
Event: 4.829 GC heap before
{Heap before GC invocations=32 (full 0):
 garbage-first heap   total 1048576K, used 723796K [0x0000000680000000, 0x0000000800000000)
  region size 32768K, 16 young (524288K), 2 survivors (65536K)
 Metaspace       used 46641K, committed 47680K, reserved 1114112K
  class space    used 5301K, committed 5760K, reserved 1048576K
}
Event: 4.838 GC heap after
{Heap after GC invocations=33 (full 0):
 garbage-first heap   total 1048576K, used 276862K [0x0000000680000000, 0x0000000800000000)
  region size 32768K, 2 young (65536K), 2 survivors (65536K)
 Metaspace       used 46641K, committed 47680K, reserved 1114112K
  class space    used 5301K, committed 5760K, reserved 1048576K
}
Event: 5.149 GC heap before
{Heap before GC invocations=33 (full 0):
 garbage-first heap   total 1048576K, used 702846K [0x0000000680000000, 0x0000000800000000)
  region size 32768K, 15 young (491520K), 2 survivors (65536K)
 Metaspace       used 47995K, committed 49024K, reserved 1114112K
  class space    used 5485K, committed 5952K, reserved 1048576K
}
Event: 5.158 GC heap after
{Heap after GC invocations=34 (full 0):
 garbage-first heap   total 1048576K, used 284962K [0x0000000680000000, 0x0000000800000000)
  region size 32768K, 1 young (32768K), 1 survivors (32768K)
 Metaspace       used 47995K, committed 49024K, reserved 1114112K
  class space    used 5485K, committed 5952K, reserved 1048576K
}
Event: 5.479 GC heap before
{Heap before GC invocations=34 (full 0):
 garbage-first heap   total 1048576K, used 743714K [0x0000000680000000, 0x0000000800000000)
  region size 32768K, 15 young (491520K), 1 survivors (32768K)
 Metaspace       used 48987K, committed 50240K, reserved 1114112K
  class space    used 5599K, committed 6144K, reserved 1048576K
}
Event: 5.488 GC heap after
{Heap after GC invocations=35 (full 0):
 garbage-first heap   total 1048576K, used 297172K [0x0000000680000000, 0x0000000800000000)
  region size 32768K, 2 young (65536K), 2 survivors (65536K)
 Metaspace       used 48987K, committed 50240K, reserved 1114112K
  class space    used 5599K, committed 6144K, reserved 1048576K
}
Event: 5.749 GC heap before
{Heap before GC invocations=35 (full 0):
 garbage-first heap   total 1048576K, used 723156K [0x0000000680000000, 0x0000000800000000)
  region size 32768K, 15 young (491520K), 2 survivors (65536K)
 Metaspace       used 49656K, committed 50880K, reserved 1114112K
  class space    used 5701K, committed 6272K, reserved 1048576K
}
Event: 5.758 GC heap after
{Heap after GC invocations=36 (full 0):
 garbage-first heap   total 1048576K, used 313886K [0x0000000680000000, 0x0000000800000000)
  region size 32768K, 2 young (65536K), 2 survivors (65536K)
 Metaspace       used 49656K, committed 50880K, reserved 1114112K
  class space    used 5701K, committed 6272K, reserved 1048576K
}
Event: 5.969 GC heap before
{Heap before GC invocations=36 (full 0):
 garbage-first heap   total 1048576K, used 707102K [0x0000000680000000, 0x0000000800000000)
  region size 32768K, 14 young (458752K), 2 survivors (65536K)
 Metaspace       used 50129K, committed 51392K, reserved 1114112K
  class space    used 5743K, committed 6336K, reserved 1048576K
}
Event: 5.983 GC heap after
{Heap after GC invocations=37 (full 0):
 garbage-first heap   total 1277952K, used 329977K [0x0000000680000000, 0x0000000800000000)
  region size 32768K, 2 young (65536K), 2 survivors (65536K)
 Metaspace       used 50129K, committed 51392K, reserved 1114112K
  class space    used 5743K, committed 6336K, reserved 1048576K
}
Event: 6.278 GC heap before
{Heap before GC invocations=37 (full 0):
 garbage-first heap   total 1277952K, used 919801K [0x0000000680000000, 0x0000000800000000)
  region size 32768K, 20 young (655360K), 2 survivors (65536K)
 Metaspace       used 50623K, committed 51968K, reserved 1114112K
  class space    used 5796K, committed 6400K, reserved 1048576K
}
Event: 6.298 GC heap after
{Heap after GC invocations=38 (full 0):
 garbage-first heap   total 1277952K, used 349822K [0x0000000680000000, 0x0000000800000000)
  region size 32768K, 3 young (98304K), 3 survivors (98304K)
 Metaspace       used 50623K, committed 51968K, reserved 1114112K
  class space    used 5796K, committed 6400K, reserved 1048576K
}
Event: 6.561 GC heap before
{Heap before GC invocations=38 (full 0):
 garbage-first heap   total 1277952K, used 874110K [0x0000000680000000, 0x0000000800000000)
  region size 32768K, 19 young (622592K), 3 survivors (98304K)
 Metaspace       used 51752K, committed 53120K, reserved 1114112K
  class space    used 5960K, committed 6592K, reserved 1048576K
}
Event: 6.578 GC heap after
{Heap after GC invocations=39 (full 0):
 garbage-first heap   total 1277952K, used 359079K [0x0000000680000000, 0x0000000800000000)
  region size 32768K, 2 young (65536K), 2 survivors (65536K)
 Metaspace       used 51752K, committed 53120K, reserved 1114112K
  class space    used 5960K, committed 6592K, reserved 1048576K
}
Event: 6.976 GC heap before
{Heap before GC invocations=39 (full 0):
 garbage-first heap   total 1277952K, used 916135K [0x0000000680000000, 0x0000000800000000)
  region size 32768K, 19 young (622592K), 2 survivors (65536K)
 Metaspace       used 55552K, committed 56896K, reserved 1114112K
  class space    used 6412K, committed 7040K, reserved 1048576K
}
Event: 6.989 GC heap after
{Heap after GC invocations=40 (full 0):
 garbage-first heap   total 1277952K, used 370975K [0x0000000680000000, 0x0000000800000000)
  region size 32768K, 2 young (65536K), 2 survivors (65536K)
 Metaspace       used 55552K, committed 56896K, reserved 1114112K
  class space    used 6412K, committed 7040K, reserved 1048576K
}
Event: 7.756 GC heap before
{Heap before GC invocations=40 (full 0):
 garbage-first heap   total 1277952K, used 895263K [0x0000000680000000, 0x0000000800000000)
  region size 32768K, 19 young (622592K), 2 survivors (65536K)
 Metaspace       used 57759K, committed 59072K, reserved 1114112K
  class space    used 6669K, committed 7232K, reserved 1048576K
}
Event: 7.768 GC heap after
{Heap after GC invocations=41 (full 0):
 garbage-first heap   total 1605632K, used 386996K [0x0000000680000000, 0x0000000800000000)
  region size 32768K, 2 young (65536K), 2 survivors (65536K)
 Metaspace       used 57759K, committed 59072K, reserved 1114112K
  class space    used 6669K, committed 7232K, reserved 1048576K
}

